<?xml version="1.0" encoding="UTF-8"?>
<testng-results skipped="0" failed="0" total="1" passed="1">
  <reporter-output>
  </reporter-output>
  <suite name="Suite1" duration-ms="18" started-at="2012-12-05T22:58:21Z" finished-at="2012-12-05T22:58:21Z">
    <groups>
    </groups>
    <test name="Test1" duration-ms="18" started-at="2012-12-05T22:58:21Z" finished-at="2012-12-05T22:58:21Z">
      <class name="Xebia.TestNG1.AppTest">
        <test-method status="PASS" signature="abc()[pri:0, instance:Xebia.TestNG1.AppTest@52fb2197]" name="abc" duration-ms="7" started-at="2012-12-05T22:58:21Z" finished-at="2012-12-05T22:58:21Z">
        </test-method>
      </class>
    </test>
  </suite>
</testng-results>
