<?xml version="1.0" encoding="UTF-8"?>
<!-- Generated by org.testng.reporters.JUnitXMLReporter -->
<testsuite hostname="svenkat" name="Create Food with CUP as PMU and ML as AMU" tests="4" failures="0" timestamp="3 Dec 2012 12:02:21 GMT" time="48.524" errors="0">
  <testcase name="testCreateFood" time="10.449" classname="FoodScripts.TestFoodCreate"/>
  <testcase name="testSuperAdmin" time="13.373" classname="FoodScripts.TestFoodSuperAdmin"/>
  <testcase name="testCupAsPmuDashAsAmu" time="1.565" classname="FoodScripts.TestFoodDeducedMeasureUnits"/>
  <testcase name="testEditFoodScreen" time="13.768" classname="FoodScripts.TestFoodEdit"/>
</testsuite> <!-- Create Food with CUP as PMU and ML as AMU -->
