<?xml version="1.0" encoding="UTF-8"?>
<!-- Generated by org.testng.reporters.JUnitXMLReporter -->
<testsuite hostname="svenkat" name="Create Food with ML as PMU" tests="4" failures="0" timestamp="19 Nov 2012 12:23:45 GMT" time="45.054" errors="0">
  <testcase name="testCreateFood" time="20.05" classname="FoodScripts.TestFoodCreate"/>
  <testcase name="testSuperAdmin" time="5.076" classname="FoodScripts.TestFoodSuperAdmin"/>
  <testcase name="testDMUOfMl" time="1.387" classname="FoodScripts.TestFoodDeducedMeasureUnits"/>
  <testcase name="testEditFoodScreen" time="14.637" classname="FoodScripts.TestFoodEdit"/>
</testsuite> <!-- Create Food with ML as PMU -->
