<?xml version="1.0" encoding="UTF-8"?>
<!-- Generated by org.testng.reporters.JUnitXMLReporter -->
<testsuite hostname="svenkat" name="Create MISC FOOD with TSP WITH SUFFIX WITH ZERO WT" tests="4" failures="0" timestamp="24 Nov 2012 13:05:11 GMT" time="24.958" errors="0">
  <testcase name="testCreateFood" time="8.373" classname="FoodScripts.TestFoodCreate"/>
  <testcase name="testSuperAdmin" time="5.129" classname="FoodScripts.TestFoodSuperAdmin"/>
  <testcase name="testDMUOfTspSuffixZeroWt" time="0.794" classname="FoodScripts.TestFoodDeducedMeasureUnits"/>
  <testcase name="testEditFoodScreen" time="6.718" classname="FoodScripts.TestFoodEdit"/>
</testsuite> <!-- Create MISC FOOD with TSP WITH SUFFIX WITH ZERO WT -->
