<?xml version="1.0" encoding="UTF-8"?>
<!-- Generated by org.testng.reporters.JUnitXMLReporter -->
<testsuite hostname="svenkat" name="Create Food with CUSTOM TSP as PMU" tests="4" failures="0" timestamp="19 Nov 2012 19:15:07 GMT" time="23.253" errors="0">
  <testcase name="testCreateFood" time="7.993" classname="FoodScripts.TestFoodCreate"/>
  <testcase name="testSuperAdmin" time="4.767" classname="FoodScripts.TestFoodSuperAdmin"/>
  <testcase name="testDMUOfCustomTsp" time="0.709" classname="FoodScripts.TestFoodDeducedMeasureUnits"/>
  <testcase name="testEditFoodScreen" time="5.283" classname="FoodScripts.TestFoodEdit"/>
</testsuite> <!-- Create Food with CUSTOM TSP as PMU -->
