<?xml version="1.0" encoding="UTF-8"?>
<!-- Generated by org.testng.reporters.JUnitXMLReporter -->
<testsuite hostname="svenkat" name="Create Food with NORMAL LITER as PMU WITH NON-ZERO WT" tests="4" failures="0" timestamp="30 Nov 2012 07:43:45 GMT" time="25.591" errors="0">
  <testcase name="testCreateFood" time="8.551" classname="FoodScripts.TestFoodCreate"/>
  <testcase name="testSuperAdmin" time="5.491" classname="FoodScripts.TestFoodSuperAdmin"/>
  <testcase name="testDMUOfLiter" time="1.115" classname="FoodScripts.TestFoodDeducedMeasureUnits"/>
  <testcase name="testEditFoodScreen" time="5.842" classname="FoodScripts.TestFoodEdit"/>
</testsuite> <!-- Create Food with NORMAL LITER as PMU WITH NON-ZERO WT -->
