<?xml version="1.0" encoding="UTF-8"?>
<!-- Generated by org.testng.reporters.JUnitXMLReporter -->
<testsuite hostname="svenkat" name="Create FOOD with BOWL WITH SUFFIX WITH NON-ZERO WT" tests="4" failures="0" timestamp="24 Nov 2012 13:09:38 GMT" time="23.302" errors="0">
  <testcase name="testCreateFood" time="8.151" classname="FoodScripts.TestFoodCreate"/>
  <testcase name="testSuperAdmin" time="4.989" classname="FoodScripts.TestFoodSuperAdmin"/>
  <testcase name="testDMUOfOthersNonZeroWt" time="0.398" classname="FoodScripts.TestFoodDeducedMeasureUnits"/>
  <testcase name="testEditFoodScreen" time="5.552" classname="FoodScripts.TestFoodEdit"/>
</testsuite> <!-- Create FOOD with BOWL WITH SUFFIX WITH NON-ZERO WT -->
