<?xml version="1.0" encoding="UTF-8"?>
<!-- Generated by org.testng.reporters.JUnitXMLReporter -->
<testsuite hostname="svenkat" name="Create FOOD with BOX WITH NON-ZERO WT" tests="4" failures="0" timestamp="24 Nov 2012 13:06:27 GMT" time="24.684" errors="0">
  <testcase name="testCreateFood" time="8.149" classname="FoodScripts.TestFoodCreate"/>
  <testcase name="testSuperAdmin" time="4.997" classname="FoodScripts.TestFoodSuperAdmin"/>
  <testcase name="testDMUOfOthersNonZeroWt" time="0.399" classname="FoodScripts.TestFoodDeducedMeasureUnits"/>
  <testcase name="testEditFoodScreen" time="6.871" classname="FoodScripts.TestFoodEdit"/>
</testsuite> <!-- Create FOOD with BOX WITH NON-ZERO WT -->
