<?xml version="1.0" encoding="UTF-8"?>
<!-- Generated by org.testng.reporters.JUnitXMLReporter -->
<testsuite hostname="svenkat" name="Create MISC FOOD with CAPS CUPS as PMU WITH ZERO WT" tests="4" failures="0" timestamp="24 Nov 2012 13:31:00 GMT" time="25.493" errors="0">
  <testcase name="testCreateFood" time="8.246" classname="FoodScripts.TestFoodCreate"/>
  <testcase name="testSuperAdmin" time="4.952" classname="FoodScripts.TestFoodSuperAdmin"/>
  <testcase name="testDMUOfCupZeroWt" time="1.036" classname="FoodScripts.TestFoodDeducedMeasureUnits"/>
  <testcase name="testEditFoodScreen" time="7.258" classname="FoodScripts.TestFoodEdit"/>
</testsuite> <!-- Create MISC FOOD with CAPS CUPS as PMU WITH ZERO WT -->
