<?xml version="1.0" encoding="UTF-8"?>
<!-- Generated by org.testng.reporters.JUnitXMLReporter -->
<testsuite hostname="svenkat" name="Create FOOD with INDV PKT WITH ZERO WT" tests="4" failures="0" timestamp="24 Nov 2012 13:07:39 GMT" time="23.508" errors="0">
  <testcase name="testCreateFood" time="7.998" classname="FoodScripts.TestFoodCreate"/>
  <testcase name="testSuperAdmin" time="4.978" classname="FoodScripts.TestFoodSuperAdmin"/>
  <testcase name="testDMUOfOthersZeroWt" time="0.074" classname="FoodScripts.TestFoodDeducedMeasureUnits"/>
  <testcase name="testEditFoodScreen" time="6.244" classname="FoodScripts.TestFoodEdit"/>
</testsuite> <!-- Create FOOD with INDV PKT WITH ZERO WT -->
