<?xml version="1.0" encoding="UTF-8"?>
<!-- Generated by org.testng.reporters.JUnitXMLReporter -->
<testsuite hostname="svenkat" name="Create Food with QT as PMU" tests="4" failures="0" timestamp="19 Nov 2012 12:28:43 GMT" time="42.491" errors="0">
  <testcase name="testCreateFood" time="20.383" classname="FoodScripts.TestFoodCreate"/>
  <testcase name="testSuperAdmin" time="9.73" classname="FoodScripts.TestFoodSuperAdmin"/>
  <testcase name="testDMUOfQt" time="1.108" classname="FoodScripts.TestFoodDeducedMeasureUnits"/>
  <testcase name="testEditFoodScreen" time="7.301" classname="FoodScripts.TestFoodEdit"/>
</testsuite> <!-- Create Food with QT as PMU -->
