<?xml version="1.0" encoding="UTF-8"?>
<!-- Generated by org.testng.reporters.JUnitXMLReporter -->
<testsuite hostname="svenkat" name="Create Food with CUSTOM FLOZ as PMU" tests="4" failures="0" timestamp="19 Nov 2012 19:16:40 GMT" time="22.359" errors="0">
  <testcase name="testCreateFood" time="7.805" classname="FoodScripts.TestFoodCreate"/>
  <testcase name="testSuperAdmin" time="4.806" classname="FoodScripts.TestFoodSuperAdmin"/>
  <testcase name="testDMUOfCustomFloz" time="0.721" classname="FoodScripts.TestFoodDeducedMeasureUnits"/>
  <testcase name="testEditFoodScreen" time="5.092" classname="FoodScripts.TestFoodEdit"/>
</testsuite> <!-- Create Food with CUSTOM FLOZ as PMU -->
