<?xml version="1.0" encoding="UTF-8"?>
<!-- Generated by org.testng.reporters.JUnitXMLReporter -->
<testsuite hostname="svenkat" name="Create FOOD with BOWL WITH SUFFIX WITH ZERO WT" tests="4" failures="0" timestamp="24 Nov 2012 13:10:03 GMT" time="25.448" errors="0">
  <testcase name="testCreateFood" time="8.624" classname="FoodScripts.TestFoodCreate"/>
  <testcase name="testSuperAdmin" time="4.957" classname="FoodScripts.TestFoodSuperAdmin"/>
  <testcase name="testDMUOfOthersZeroWt" time="0.028" classname="FoodScripts.TestFoodDeducedMeasureUnits"/>
  <testcase name="testEditFoodScreen" time="7.668" classname="FoodScripts.TestFoodEdit"/>
</testsuite> <!-- Create FOOD with BOWL WITH SUFFIX WITH ZERO WT -->
