<?xml version="1.0" encoding="UTF-8"?>
<!-- Generated by org.testng.reporters.JUnitXMLReporter -->
<testsuite hostname="svenkat" name="Create Food with CUSTOM PINT as PMU" tests="4" failures="0" timestamp="19 Nov 2012 19:17:04 GMT" time="24.821" errors="0">
  <testcase name="testCreateFood" time="8.093" classname="FoodScripts.TestFoodCreate"/>
  <testcase name="testSuperAdmin" time="4.666" classname="FoodScripts.TestFoodSuperAdmin"/>
  <testcase name="testDMUOfCustomPnt" time="0.95" classname="FoodScripts.TestFoodDeducedMeasureUnits"/>
  <testcase name="testEditFoodScreen" time="6.249" classname="FoodScripts.TestFoodEdit"/>
</testsuite> <!-- Create Food with CUSTOM PINT as PMU -->
