<?xml version="1.0" encoding="UTF-8"?>
<!-- Generated by org.testng.reporters.JUnitXMLReporter -->
<testsuite hostname="svenkat" name="Create Food with NORMAL LB as PMU WITH NON-ZERO WT" tests="4" failures="0" timestamp="30 Nov 2012 07:45:23 GMT" time="24.78" errors="0">
  <testcase name="testCreateFood" time="7.776" classname="FoodScripts.TestFoodCreate"/>
  <testcase name="testSuperAdmin" time="5.23" classname="FoodScripts.TestFoodSuperAdmin"/>
  <testcase name="testDMUOfLb" time="0.308" classname="FoodScripts.TestFoodDeducedMeasureUnits"/>
  <testcase name="testEditFoodScreen" time="6.811" classname="FoodScripts.TestFoodEdit"/>
</testsuite> <!-- Create Food with NORMAL LB as PMU WITH NON-ZERO WT -->
