<?xml version="1.0" encoding="UTF-8"?>
<!-- Generated by org.testng.reporters.JUnitXMLReporter -->
<testsuite hostname="svenkat" name="Create Food with CUSTOM QT as PMU" tests="4" failures="0" timestamp="19 Nov 2012 19:18:09 GMT" time="64.119" errors="0">
  <testcase name="testCreateFood" time="17.531" classname="FoodScripts.TestFoodCreate"/>
  <testcase name="testSuperAdmin" time="22.13" classname="FoodScripts.TestFoodSuperAdmin"/>
  <testcase name="testDMUOfCustomQt" time="0.707" classname="FoodScripts.TestFoodDeducedMeasureUnits"/>
  <testcase name="testEditFoodScreen" time="12.918" classname="FoodScripts.TestFoodEdit"/>
</testsuite> <!-- Create Food with CUSTOM QT as PMU -->
