<?xml version="1.0" encoding="UTF-8"?>
<!-- Generated by org.testng.reporters.JUnitXMLReporter -->
<testsuite hostname="svenkat" name="Create Food with TBSP as PMU" tests="4" failures="0" timestamp="19 Nov 2012 12:26:46 GMT" time="36.208" errors="0">
  <testcase name="testCreateFood" time="17.866" classname="FoodScripts.TestFoodCreate"/>
  <testcase name="testSuperAdmin" time="4.805" classname="FoodScripts.TestFoodSuperAdmin"/>
  <testcase name="testDMUOfTbsp" time="1.285" classname="FoodScripts.TestFoodDeducedMeasureUnits"/>
  <testcase name="testEditFoodScreen" time="8.17" classname="FoodScripts.TestFoodEdit"/>
</testsuite> <!-- Create Food with TBSP as PMU -->
