<?xml version="1.0" encoding="UTF-8"?>
<!-- Generated by org.testng.reporters.JUnitXMLReporter -->
<testsuite hostname="svenkat" name="Create Food with OZ as PMU" tests="4" failures="1" timestamp="19 Nov 2012 12:31:04 GMT" time="33.928" errors="0">
  <testcase name="testCreateFood" time="17.82" classname="FoodScripts.TestFoodCreate"/>
  <testcase name="testSuperAdmin" time="4.99" classname="FoodScripts.TestFoodSuperAdmin"/>
  <testcase name="testDMUOfOz" time="0.167" classname="FoodScripts.TestFoodDeducedMeasureUnits">
    <failure type="java.lang.AssertionError" message="Deduced Measurement Units of OZ are not according to the Primary Measurement Unit expected [true[ but found ]false]">
      <![CDATA[java.lang.AssertionError: Deduced Measurement Units of OZ are not according to the Primary Measurement Unit expected [true[ but found ]false]
	at org.testng.Assert.fail(Assert.java:94)
	at org.testng.Assert.failNotEquals(Assert.java:494)
	at org.testng.Assert.assertEquals(Assert.java:123)
	at org.testng.Assert.assertEquals(Assert.java:286)
	at FoodScripts.TestFoodDeducedMeasureUnits.testDMUOfOz(TestFoodDeducedMeasureUnits.java:232)
	at sun.reflect.NativeMethodAccessorImpl.invoke0(Native Method)
	at sun.reflect.NativeMethodAccessorImpl.invoke(Unknown Source)
	at sun.reflect.DelegatingMethodAccessorImpl.invoke(Unknown Source)
	at java.lang.reflect.Method.invoke(Unknown Source)
	at org.testng.internal.MethodInvocationHelper.invokeMethod(MethodInvocationHelper.java:80)
	at org.testng.internal.Invoker.invokeMethod(Invoker.java:714)
	at org.testng.internal.Invoker.invokeTestMethod(Invoker.java:901)
	at org.testng.internal.Invoker.invokeTestMethods(Invoker.java:1231)
	at org.testng.internal.TestMethodWorker.invokeTestMethods(TestMethodWorker.java:127)
	at org.testng.internal.TestMethodWorker.run(TestMethodWorker.java:111)
	at org.testng.TestRunner.privateRun(TestRunner.java:767)
	at org.testng.TestRunner.run(TestRunner.java:617)
	at org.testng.SuiteRunner.runTest(SuiteRunner.java:334)
	at org.testng.SuiteRunner.runSequentially(SuiteRunner.java:329)
	at org.testng.SuiteRunner.privateRun(SuiteRunner.java:291)
	at org.testng.SuiteRunner.run(SuiteRunner.java:240)
	at org.testng.SuiteRunnerWorker.runSuite(SuiteRunnerWorker.java:52)
	at org.testng.SuiteRunnerWorker.run(SuiteRunnerWorker.java:86)
	at org.testng.TestNG.runSuitesSequentially(TestNG.java:1197)
	at org.testng.TestNG.runSuitesLocally(TestNG.java:1122)
	at org.testng.TestNG.run(TestNG.java:1030)
	at org.testng.remote.RemoteTestNG.run(RemoteTestNG.java:111)
	at org.testng.remote.RemoteTestNG.initAndRun(RemoteTestNG.java:204)
	at org.testng.remote.RemoteTestNG.main(RemoteTestNG.java:175)
]]>
    </failure>
  </testcase> <!-- testDMUOfOz -->
  <testcase name="testEditFoodScreen" time="6.706" classname="FoodScripts.TestFoodEdit"/>
</testsuite> <!-- Create Food with OZ as PMU -->
