<?xml version="1.0" encoding="UTF-8"?>
<!-- Generated by org.testng.reporters.JUnitXMLReporter -->
<testsuite hostname="svenkat" name="Create Food with NORMAL GALLON as PMU WITH NON-ZERO WT" tests="4" failures="0" timestamp="30 Nov 2012 07:44:10 GMT" time="25.476" errors="0">
  <testcase name="testCreateFood" time="8.829" classname="FoodScripts.TestFoodCreate"/>
  <testcase name="testSuperAdmin" time="5.339" classname="FoodScripts.TestFoodSuperAdmin"/>
  <testcase name="testDMUOfGallon" time="0.897" classname="FoodScripts.TestFoodDeducedMeasureUnits"/>
  <testcase name="testEditFoodScreen" time="5.925" classname="FoodScripts.TestFoodEdit"/>
</testsuite> <!-- Create Food with NORMAL GALLON as PMU WITH NON-ZERO WT -->
