<?xml version="1.0" encoding="UTF-8"?>
<!-- Generated by org.testng.reporters.JUnitXMLReporter -->
<testsuite hostname="svenkat" name="Create Food with CUSTOM OZ as PMU" tests="4" failures="0" timestamp="19 Nov 2012 19:19:42 GMT" time="22.487" errors="0">
  <testcase name="testCreateFood" time="7.348" classname="FoodScripts.TestFoodCreate"/>
  <testcase name="testSuperAdmin" time="4.633" classname="FoodScripts.TestFoodSuperAdmin"/>
  <testcase name="testDMUOfOz" time="0.283" classname="FoodScripts.TestFoodDeducedMeasureUnits"/>
  <testcase name="testEditFoodScreen" time="6.157" classname="FoodScripts.TestFoodEdit"/>
</testsuite> <!-- Create Food with CUSTOM OZ as PMU -->
