<?xml version="1.0" encoding="UTF-8"?>
<!-- Generated by org.testng.reporters.JUnitXMLReporter -->
<testsuite hostname="svenkat" name="Create Food with TSP as PMU" tests="4" failures="0" timestamp="19 Nov 2012 12:24:26 GMT" time="40.986" errors="0">
  <testcase name="testCreateFood" time="18.966" classname="FoodScripts.TestFoodCreate"/>
  <testcase name="testSuperAdmin" time="8.319" classname="FoodScripts.TestFoodSuperAdmin"/>
  <testcase name="testDMUOfTsp" time="1.281" classname="FoodScripts.TestFoodDeducedMeasureUnits"/>
  <testcase name="testEditFoodScreen" time="8.169" classname="FoodScripts.TestFoodEdit"/>
</testsuite> <!-- Create Food with TSP as PMU -->
