<?xml version="1.0" encoding="UTF-8"?>
<!-- Generated by org.testng.reporters.JUnitXMLReporter -->
<testsuite hostname="svenkat" name="Create Food with NORMAL FLOZ as PMU WITH NON-ZERO WT" tests="4" failures="0" timestamp="30 Nov 2012 07:42:27 GMT" time="26.006" errors="0">
  <testcase name="testCreateFood" time="9.021" classname="FoodScripts.TestFoodCreate"/>
  <testcase name="testSuperAdmin" time="5.326" classname="FoodScripts.TestFoodSuperAdmin"/>
  <testcase name="testDMUOfFloz" time="1.151" classname="FoodScripts.TestFoodDeducedMeasureUnits"/>
  <testcase name="testEditFoodScreen" time="6.045" classname="FoodScripts.TestFoodEdit"/>
</testsuite> <!-- Create Food with NORMAL FLOZ as PMU WITH NON-ZERO WT -->
