<?xml version="1.0" encoding="UTF-8"?>
<!-- Generated by org.testng.reporters.JUnitXMLReporter -->
<testsuite hostname="svenkat" name="Create FOOD with BOX WITH ZERO WT" tests="4" failures="0" timestamp="24 Nov 2012 13:06:51 GMT" time="24.146" errors="0">
  <testcase name="testCreateFood" time="8.654" classname="FoodScripts.TestFoodCreate"/>
  <testcase name="testSuperAdmin" time="4.951" classname="FoodScripts.TestFoodSuperAdmin"/>
  <testcase name="testDMUOfOthersZeroWt" time="0.029" classname="FoodScripts.TestFoodDeducedMeasureUnits"/>
  <testcase name="testEditFoodScreen" time="6.339" classname="FoodScripts.TestFoodEdit"/>
</testsuite> <!-- Create FOOD with BOX WITH ZERO WT -->
