<?xml version="1.0" encoding="UTF-8"?>
<!-- Generated by org.testng.reporters.JUnitXMLReporter -->
<testsuite hostname="svenkat" name="Create Food with LITER as PMU" tests="4" failures="0" timestamp="19 Nov 2012 12:29:22 GMT" time="38.628" errors="0">
  <testcase name="testCreateFood" time="18.985" classname="FoodScripts.TestFoodCreate"/>
  <testcase name="testSuperAdmin" time="7.469" classname="FoodScripts.TestFoodSuperAdmin"/>
  <testcase name="testDMUOfLiter" time="1.101" classname="FoodScripts.TestFoodDeducedMeasureUnits"/>
  <testcase name="testEditFoodScreen" time="7.139" classname="FoodScripts.TestFoodEdit"/>
</testsuite> <!-- Create Food with LITER as PMU -->
