<?xml version="1.0" encoding="UTF-8"?>
<!-- Generated by org.testng.reporters.JUnitXMLReporter -->
<testsuite hostname="svenkat" name="Create FOOD with SPECIAL CHRACTERS WITH NON-ZERO WT" tests="4" failures="0" timestamp="24 Nov 2012 13:10:30 GMT" time="26.274" errors="0">
  <testcase name="testCreateFood" time="9.239" classname="FoodScripts.TestFoodCreate"/>
  <testcase name="testSuperAdmin" time="5.545" classname="FoodScripts.TestFoodSuperAdmin"/>
  <testcase name="testDMUOfOthersNonZeroWt" time="0.391" classname="FoodScripts.TestFoodDeducedMeasureUnits"/>
  <testcase name="testEditFoodScreen" time="7.031" classname="FoodScripts.TestFoodEdit"/>
</testsuite> <!-- Create FOOD with SPECIAL CHRACTERS WITH NON-ZERO WT -->
