<?xml version="1.0" encoding="UTF-8"?>
<!-- Generated by org.testng.reporters.JUnitXMLReporter -->
<testsuite hostname="svenkat" name="Create Food with NORMAL QT as PMU WITH NON-ZERO WT" tests="4" failures="0" timestamp="30 Nov 2012 07:43:19 GMT" time="25.399" errors="0">
  <testcase name="testCreateFood" time="8.603" classname="FoodScripts.TestFoodCreate"/>
  <testcase name="testSuperAdmin" time="5.311" classname="FoodScripts.TestFoodSuperAdmin"/>
  <testcase name="testDMUOfQt" time="1.059" classname="FoodScripts.TestFoodDeducedMeasureUnits"/>
  <testcase name="testEditFoodScreen" time="5.929" classname="FoodScripts.TestFoodEdit"/>
</testsuite> <!-- Create Food with NORMAL QT as PMU WITH NON-ZERO WT -->
