<?xml version="1.0" encoding="UTF-8"?>
<!-- Generated by org.testng.reporters.JUnitXMLReporter -->
<testsuite hostname="svenkat" name="Create Food with FLOZ as PMU" tests="4" failures="0" timestamp="19 Nov 2012 12:27:23 GMT" time="36.788" errors="0">
  <testcase name="testCreateFood" time="17.923" classname="FoodScripts.TestFoodCreate"/>
  <testcase name="testSuperAdmin" time="5.295" classname="FoodScripts.TestFoodSuperAdmin"/>
  <testcase name="testDMUOfFloz" time="1.134" classname="FoodScripts.TestFoodDeducedMeasureUnits"/>
  <testcase name="testEditFoodScreen" time="8.348" classname="FoodScripts.TestFoodEdit"/>
</testsuite> <!-- Create Food with FLOZ as PMU -->
