<?xml version="1.0" encoding="UTF-8"?>
<!-- Generated by org.testng.reporters.JUnitXMLReporter -->
<testsuite hostname="svenkat" name="Create FOOD with INDV PKT WITH NON-ZERO WT" tests="4" failures="0" timestamp="24 Nov 2012 13:07:16 GMT" time="24.791" errors="0">
  <testcase name="testCreateFood" time="8.728" classname="FoodScripts.TestFoodCreate"/>
  <testcase name="testSuperAdmin" time="4.962" classname="FoodScripts.TestFoodSuperAdmin"/>
  <testcase name="testDMUOfOthersNonZeroWt" time="0.388" classname="FoodScripts.TestFoodDeducedMeasureUnits"/>
  <testcase name="testEditFoodScreen" time="6.506" classname="FoodScripts.TestFoodEdit"/>
</testsuite> <!-- Create FOOD with INDV PKT WITH NON-ZERO WT -->
