<?xml version="1.0" encoding="UTF-8"?>
<!-- Generated by org.testng.reporters.JUnitXMLReporter -->
<testsuite hostname="svenkat" name="Create FOOD with CUSTOM ABC WITH ZERO WT" tests="4" failures="0" timestamp="24 Nov 2012 13:08:27 GMT" time="23.65" errors="0">
  <testcase name="testCreateFood" time="7.943" classname="FoodScripts.TestFoodCreate"/>
  <testcase name="testSuperAdmin" time="5.11" classname="FoodScripts.TestFoodSuperAdmin"/>
  <testcase name="testDMUOfOthersZeroWt" time="0.029" classname="FoodScripts.TestFoodDeducedMeasureUnits"/>
  <testcase name="testEditFoodScreen" time="6.411" classname="FoodScripts.TestFoodEdit"/>
</testsuite> <!-- Create FOOD with CUSTOM ABC WITH ZERO WT -->
