<?xml version="1.0" encoding="UTF-8"?>
<!-- Generated by org.testng.reporters.JUnitXMLReporter -->
<testsuite hostname="svenkat" name="Create Food with PINCH as PMU" tests="4" failures="0" timestamp="19 Nov 2012 12:25:04 GMT" time="37.535" errors="0">
  <testcase name="testCreateFood" time="19.023" classname="FoodScripts.TestFoodCreate"/>
  <testcase name="testSuperAdmin" time="5.22" classname="FoodScripts.TestFoodSuperAdmin"/>
  <testcase name="testDMUOfPinch" time="0.785" classname="FoodScripts.TestFoodDeducedMeasureUnits"/>
  <testcase name="testEditFoodScreen" time="8.218" classname="FoodScripts.TestFoodEdit"/>
</testsuite> <!-- Create Food with PINCH as PMU -->
