<?xml version="1.0" encoding="UTF-8"?>
<!-- Generated by org.testng.reporters.JUnitXMLReporter -->
<testsuite hostname="svenkat" name="Create Food with PINT as PMU" tests="4" failures="0" timestamp="19 Nov 2012 12:28:00 GMT" time="37.32" errors="0">
  <testcase name="testCreateFood" time="18.538" classname="FoodScripts.TestFoodCreate"/>
  <testcase name="testSuperAdmin" time="5.909" classname="FoodScripts.TestFoodSuperAdmin"/>
  <testcase name="testDMUOfPnt" time="1.369" classname="FoodScripts.TestFoodDeducedMeasureUnits"/>
  <testcase name="testEditFoodScreen" time="7.436" classname="FoodScripts.TestFoodEdit"/>
</testsuite> <!-- Create Food with PINT as PMU -->
