<?xml version="1.0" encoding="UTF-8"?>
<!-- Generated by org.testng.reporters.JUnitXMLReporter -->
<testsuite hostname="svenkat" name="Create Food with DASH as PMU" tests="4" failures="0" timestamp="19 Nov 2012 12:26:10 GMT" time="66.426" errors="0">
  <testcase name="testCreateFood" time="18.848" classname="FoodScripts.TestFoodCreate"/>
  <testcase name="testSuperAdmin" time="37.089" classname="FoodScripts.TestFoodSuperAdmin"/>
  <testcase name="testDMUOfDash" time="0.872" classname="FoodScripts.TestFoodDeducedMeasureUnits"/>
  <testcase name="testEditFoodScreen" time="5.621" classname="FoodScripts.TestFoodEdit"/>
</testsuite> <!-- Create Food with DASH as PMU -->
