<?xml version="1.0" encoding="UTF-8"?>
<!-- Generated by org.testng.reporters.JUnitXMLReporter -->
<testsuite hostname="svenkat" name="Create Food with CUSTOM PINCH as PMU" tests="4" failures="0" timestamp="19 Nov 2012 19:15:30 GMT" time="22.944" errors="0">
  <testcase name="testCreateFood" time="7.269" classname="FoodScripts.TestFoodCreate"/>
  <testcase name="testSuperAdmin" time="4.764" classname="FoodScripts.TestFoodSuperAdmin"/>
  <testcase name="testDMUOfCustomPinch" time="0.41" classname="FoodScripts.TestFoodDeducedMeasureUnits"/>
  <testcase name="testEditFoodScreen" time="6.443" classname="FoodScripts.TestFoodEdit"/>
</testsuite> <!-- Create Food with CUSTOM PINCH as PMU -->
