<?xml version="1.0" encoding="UTF-8"?>
<!-- Generated by org.testng.reporters.JUnitXMLReporter -->
<testsuite hostname="svenkat" name="Create FOOD with CUSTOM CUPS WITH ZERO WT" tests="4" failures="0" timestamp="24 Nov 2012 13:09:14 GMT" time="23.307" errors="0">
  <testcase name="testCreateFood" time="7.939" classname="FoodScripts.TestFoodCreate"/>
  <testcase name="testSuperAdmin" time="4.861" classname="FoodScripts.TestFoodSuperAdmin"/>
  <testcase name="testDMUOfOthersZeroWt" time="0.028" classname="FoodScripts.TestFoodDeducedMeasureUnits"/>
  <testcase name="testEditFoodScreen" time="6.315" classname="FoodScripts.TestFoodEdit"/>
</testsuite> <!-- Create FOOD with CUSTOM CUPS WITH ZERO WT -->
