<?xml version="1.0" encoding="UTF-8"?>
<!-- Generated by org.testng.reporters.JUnitXMLReporter -->
<testsuite hostname="svenkat" name="Create Food with CUSTOM DASH as PMU" tests="4" failures="0" timestamp="19 Nov 2012 19:15:54 GMT" time="23.259" errors="0">
  <testcase name="testCreateFood" time="7.447" classname="FoodScripts.TestFoodCreate"/>
  <testcase name="testSuperAdmin" time="4.938" classname="FoodScripts.TestFoodSuperAdmin"/>
  <testcase name="testDMUOfCustomDash" time="0.39" classname="FoodScripts.TestFoodDeducedMeasureUnits"/>
  <testcase name="testEditFoodScreen" time="6.116" classname="FoodScripts.TestFoodEdit"/>
</testsuite> <!-- Create Food with CUSTOM DASH as PMU -->
