<?xml version="1.0" encoding="UTF-8"?>
<!-- Generated by org.testng.reporters.JUnitXMLReporter -->
<testsuite hostname="svenkat" name="Create Food with CUSTOM TBSP as PMU" tests="4" failures="0" timestamp="19 Nov 2012 19:16:17 GMT" time="23.688" errors="0">
  <testcase name="testCreateFood" time="7.537" classname="FoodScripts.TestFoodCreate"/>
  <testcase name="testSuperAdmin" time="4.774" classname="FoodScripts.TestFoodSuperAdmin"/>
  <testcase name="testDMUOfCustomTbsp" time="0.832" classname="FoodScripts.TestFoodDeducedMeasureUnits"/>
  <testcase name="testEditFoodScreen" time="6.228" classname="FoodScripts.TestFoodEdit"/>
</testsuite> <!-- Create Food with CUSTOM TBSP as PMU -->
