<?xml version="1.0" encoding="UTF-8"?>
<!-- Generated by org.testng.reporters.JUnitXMLReporter -->
<testsuite hostname="svenkat" name="Create Food with CUSTOM GRAM as PMU" tests="4" failures="0" timestamp="19 Nov 2012 19:19:19 GMT" time="21.724" errors="0">
  <testcase name="testCreateFood" time="6.985" classname="FoodScripts.TestFoodCreate"/>
  <testcase name="testSuperAdmin" time="4.633" classname="FoodScripts.TestFoodSuperAdmin"/>
  <testcase name="testDMUOfG" time="0.269" classname="FoodScripts.TestFoodDeducedMeasureUnits"/>
  <testcase name="testEditFoodScreen" time="6.006" classname="FoodScripts.TestFoodEdit"/>
</testsuite> <!-- Create Food with CUSTOM GRAM as PMU -->
