<?xml version="1.0" encoding="UTF-8"?>
<!-- Generated by org.testng.reporters.JUnitXMLReporter -->
<testsuite hostname="svenkat" name="Create MISC FOOD with CAPS CUPS as PMU WITH NON-ZERO WT" tests="4" failures="0" timestamp="24 Nov 2012 14:13:10 GMT" time="27.521" errors="0">
  <testcase name="testCreateFood" time="8.181" classname="FoodScripts.TestFoodCreate"/>
  <testcase name="testSuperAdmin" time="5.961" classname="FoodScripts.TestFoodSuperAdmin"/>
  <testcase name="testDMUOfCup" time="1.33" classname="FoodScripts.TestFoodDeducedMeasureUnits"/>
  <testcase name="testEditFoodScreen" time="7.941" classname="FoodScripts.TestFoodEdit"/>
</testsuite> <!-- Create MISC FOOD with CAPS CUPS as PMU WITH NON-ZERO WT -->
