<?xml version="1.0" encoding="UTF-8"?>
<!-- Generated by org.testng.reporters.JUnitXMLReporter -->
<testsuite hostname="svenkat" name="Create Food with NORMAL ML as PMU WITH NON-ZERO WT" tests="4" failures="0" timestamp="30 Nov 2012 07:40:17 GMT" time="37.957" errors="0">
  <testcase name="testCreateFood" time="20.135" classname="FoodScripts.TestFoodCreate"/>
  <testcase name="testSuperAdmin" time="5.356" classname="FoodScripts.TestFoodSuperAdmin"/>
  <testcase name="testDMUOfMl" time="1.074" classname="FoodScripts.TestFoodDeducedMeasureUnits"/>
  <testcase name="testEditFoodScreen" time="6.873" classname="FoodScripts.TestFoodEdit"/>
</testsuite> <!-- Create Food with NORMAL ML as PMU WITH NON-ZERO WT -->
