<?xml version="1.0" encoding="UTF-8"?>
<!-- Generated by org.testng.reporters.JUnitXMLReporter -->
<testsuite hostname="svenkat" name="Create Food with NORMAL CUP as PMU WITH NON-ZERO WT" tests="4" failures="0" timestamp="30 Nov 2012 07:39:39 GMT" time="29.025" errors="0">
  <testcase name="testCreateFood" time="7.975" classname="FoodScripts.TestFoodCreate"/>
  <testcase name="testSuperAdmin" time="8.364" classname="FoodScripts.TestFoodSuperAdmin"/>
  <testcase name="testDMUOfCup" time="1.289" classname="FoodScripts.TestFoodDeducedMeasureUnits"/>
  <testcase name="testEditFoodScreen" time="6.821" classname="FoodScripts.TestFoodEdit"/>
</testsuite> <!-- Create Food with NORMAL CUP as PMU WITH NON-ZERO WT -->
