<?xml version="1.0" encoding="UTF-8"?>
<!-- Generated by org.testng.reporters.JUnitXMLReporter -->
<testsuite hostname="svenkat" name="Create Food with NORMAL OZ as PMU WITH NON-ZERO WT" tests="4" failures="0" timestamp="30 Nov 2012 07:44:58 GMT" time="23.949" errors="0">
  <testcase name="testCreateFood" time="8.04" classname="FoodScripts.TestFoodCreate"/>
  <testcase name="testSuperAdmin" time="5.678" classname="FoodScripts.TestFoodSuperAdmin"/>
  <testcase name="testDMUOfOz" time="0.282" classname="FoodScripts.TestFoodDeducedMeasureUnits"/>
  <testcase name="testEditFoodScreen" time="5.072" classname="FoodScripts.TestFoodEdit"/>
</testsuite> <!-- Create Food with NORMAL OZ as PMU WITH NON-ZERO WT -->
