<?xml version="1.0" encoding="UTF-8"?>
<!-- Generated by org.testng.reporters.JUnitXMLReporter -->
<testsuite hostname="svenkat" name="Create Food with CUSTOM LB as PMU" tests="4" failures="0" timestamp="19 Nov 2012 19:20:04 GMT" time="22.418" errors="0">
  <testcase name="testCreateFood" time="7.328" classname="FoodScripts.TestFoodCreate"/>
  <testcase name="testSuperAdmin" time="4.666" classname="FoodScripts.TestFoodSuperAdmin"/>
  <testcase name="testDMUOfLb" time="0.271" classname="FoodScripts.TestFoodDeducedMeasureUnits"/>
  <testcase name="testEditFoodScreen" time="6.073" classname="FoodScripts.TestFoodEdit"/>
</testsuite> <!-- Create Food with CUSTOM LB as PMU -->
