<?xml version="1.0" encoding="UTF-8"?>
<!-- Generated by org.testng.reporters.JUnitXMLReporter -->
<testsuite hostname="svenkat" name="Create FOOD with CUSTOM CUPS WITH NON-ZERO WT" tests="4" failures="0" timestamp="24 Nov 2012 13:08:51 GMT" time="23.819" errors="0">
  <testcase name="testCreateFood" time="8.258" classname="FoodScripts.TestFoodCreate"/>
  <testcase name="testSuperAdmin" time="4.662" classname="FoodScripts.TestFoodSuperAdmin"/>
  <testcase name="testDMUOfOthersNonZeroWt" time="0.385" classname="FoodScripts.TestFoodDeducedMeasureUnits"/>
  <testcase name="testEditFoodScreen" time="6.592" classname="FoodScripts.TestFoodEdit"/>
</testsuite> <!-- Create FOOD with CUSTOM CUPS WITH NON-ZERO WT -->
