<?xml version="1.0" encoding="UTF-8"?>
<!-- Generated by org.testng.reporters.JUnitXMLReporter -->
<testsuite hostname="svenkat" name="Create Food with NORMAL TBSP as PMU WITH NON-ZERO WT" tests="4" failures="0" timestamp="30 Nov 2012 07:42:01 GMT" time="26.19" errors="0">
  <testcase name="testCreateFood" time="8.931" classname="FoodScripts.TestFoodCreate"/>
  <testcase name="testSuperAdmin" time="5.391" classname="FoodScripts.TestFoodSuperAdmin"/>
  <testcase name="testDMUOfTbsp" time="1.27" classname="FoodScripts.TestFoodDeducedMeasureUnits"/>
  <testcase name="testEditFoodScreen" time="5.959" classname="FoodScripts.TestFoodEdit"/>
</testsuite> <!-- Create Food with NORMAL TBSP as PMU WITH NON-ZERO WT -->
