<?xml version="1.0" encoding="UTF-8"?>
<!-- Generated by org.testng.reporters.JUnitXMLReporter -->
<testsuite hostname="svenkat" name="Create MISC FOOD with CUP WITH SUFFIX WITH NON-ZERO WT" tests="4" failures="0" timestamp="24 Nov 2012 13:05:37 GMT" time="26.172" errors="0">
  <testcase name="testCreateFood" time="8.635" classname="FoodScripts.TestFoodCreate"/>
  <testcase name="testSuperAdmin" time="5.021" classname="FoodScripts.TestFoodSuperAdmin"/>
  <testcase name="testDMUOfCupSuffixNonZeroWt" time="1.384" classname="FoodScripts.TestFoodDeducedMeasureUnits"/>
  <testcase name="testEditFoodScreen" time="6.949" classname="FoodScripts.TestFoodEdit"/>
</testsuite> <!-- Create MISC FOOD with CUP WITH SUFFIX WITH NON-ZERO WT -->
