<?xml version="1.0" encoding="UTF-8"?>
<!-- Generated by org.testng.reporters.JUnitXMLReporter -->
<testsuite hostname="svenkat" name="Create MISC FOOD with TSP WITH SUFFIX WITH NON-ZERO WT" tests="4" failures="0" timestamp="24 Nov 2012 13:04:46 GMT" time="26.008" errors="0">
  <testcase name="testCreateFood" time="8.598" classname="FoodScripts.TestFoodCreate"/>
  <testcase name="testSuperAdmin" time="5.265" classname="FoodScripts.TestFoodSuperAdmin"/>
  <testcase name="testDMUOfTspSuffixNonZeroWt" time="1.135" classname="FoodScripts.TestFoodDeducedMeasureUnits"/>
  <testcase name="testEditFoodScreen" time="7.087" classname="FoodScripts.TestFoodEdit"/>
</testsuite> <!-- Create MISC FOOD with TSP WITH SUFFIX WITH NON-ZERO WT -->
