<?xml version="1.0" encoding="UTF-8"?>
<!-- Generated by org.testng.reporters.JUnitXMLReporter -->
<testsuite hostname="svenkat" name="Create Food with NORMAL GRAM as PMU WITH NON-ZERO WT" tests="4" failures="0" timestamp="30 Nov 2012 07:44:34 GMT" time="24.086" errors="0">
  <testcase name="testCreateFood" time="8.101" classname="FoodScripts.TestFoodCreate"/>
  <testcase name="testSuperAdmin" time="5.505" classname="FoodScripts.TestFoodSuperAdmin"/>
  <testcase name="testDMUOfG" time="0.309" classname="FoodScripts.TestFoodDeducedMeasureUnits"/>
  <testcase name="testEditFoodScreen" time="5.766" classname="FoodScripts.TestFoodEdit"/>
</testsuite> <!-- Create Food with NORMAL GRAM as PMU WITH NON-ZERO WT -->
