<?xml version="1.0" encoding="UTF-8"?>
<!-- Generated by org.testng.reporters.JUnitXMLReporter -->
<testsuite hostname="svenkat" name="Create FOOD with SPECIAL CHARACTERS WITH ZERO WT" tests="4" failures="0" timestamp="24 Nov 2012 13:10:54 GMT" time="24.292" errors="0">
  <testcase name="testCreateFood" time="8.283" classname="FoodScripts.TestFoodCreate"/>
  <testcase name="testSuperAdmin" time="5.276" classname="FoodScripts.TestFoodSuperAdmin"/>
  <testcase name="testDMUOfOthersZeroWt" time="0.03" classname="FoodScripts.TestFoodDeducedMeasureUnits"/>
  <testcase name="testEditFoodScreen" time="6.493" classname="FoodScripts.TestFoodEdit"/>
</testsuite> <!-- Create FOOD with SPECIAL CHARACTERS WITH ZERO WT -->
