<?xml version="1.0" encoding="UTF-8"?>
<!-- Generated by org.testng.reporters.JUnitXMLReporter -->
<testsuite hostname="svenkat" name="Create MISC FOOD with CUP WITH SUFFIX WITH ZERO WT" tests="4" failures="0" timestamp="24 Nov 2012 13:06:02 GMT" time="25.46" errors="0">
  <testcase name="testCreateFood" time="8.406" classname="FoodScripts.TestFoodCreate"/>
  <testcase name="testSuperAdmin" time="5.056" classname="FoodScripts.TestFoodSuperAdmin"/>
  <testcase name="testDMUOfCupSuffixZeroWt" time="1.097" classname="FoodScripts.TestFoodDeducedMeasureUnits"/>
  <testcase name="testEditFoodScreen" time="6.913" classname="FoodScripts.TestFoodEdit"/>
</testsuite> <!-- Create MISC FOOD with CUP WITH SUFFIX WITH ZERO WT -->
