<?xml version="1.0" encoding="UTF-8"?>
<!-- Generated by org.testng.reporters.JUnitXMLReporter -->
<testsuite hostname="svenkat" name="Create Food with CUSTOM CUP as PMU" tests="4" failures="0" timestamp="19 Nov 2012 19:14:21 GMT" time="26.221" errors="0">
  <testcase name="testCreateFood" time="8.756" classname="FoodScripts.TestFoodCreate"/>
  <testcase name="testSuperAdmin" time="5.814" classname="FoodScripts.TestFoodSuperAdmin"/>
  <testcase name="testDMUOfCustomCup" time="0.966" classname="FoodScripts.TestFoodDeducedMeasureUnits"/>
  <testcase name="testEditFoodScreen" time="6.819" classname="FoodScripts.TestFoodEdit"/>
</testsuite> <!-- Create Food with CUSTOM CUP as PMU -->
