<?xml version="1.0" encoding="UTF-8"?>
<!-- Generated by org.testng.reporters.JUnitXMLReporter -->
<testsuite hostname="svenkat" name="Create Food with NORMAL PINT as PMU WITH NON-ZERO WT" tests="4" failures="0" timestamp="30 Nov 2012 07:42:54 GMT" time="26.065" errors="0">
  <testcase name="testCreateFood" time="8.098" classname="FoodScripts.TestFoodCreate"/>
  <testcase name="testSuperAdmin" time="5.382" classname="FoodScripts.TestFoodSuperAdmin"/>
  <testcase name="testDMUOfPnt" time="1.478" classname="FoodScripts.TestFoodDeducedMeasureUnits"/>
  <testcase name="testEditFoodScreen" time="6.579" classname="FoodScripts.TestFoodEdit"/>
</testsuite> <!-- Create Food with NORMAL PINT as PMU WITH NON-ZERO WT -->
