<?xml version="1.0" encoding="UTF-8"?>
<!-- Generated by org.testng.reporters.JUnitXMLReporter -->
<testsuite hostname="svenkat" name="Create Food with CUSTOM ML as PMU" tests="4" failures="0" timestamp="19 Nov 2012 19:14:44 GMT" time="23.444" errors="0">
  <testcase name="testCreateFood" time="7.326" classname="FoodScripts.TestFoodCreate"/>
  <testcase name="testSuperAdmin" time="5.278" classname="FoodScripts.TestFoodSuperAdmin"/>
  <testcase name="testDMUOfCustomMl" time="0.742" classname="FoodScripts.TestFoodDeducedMeasureUnits"/>
  <testcase name="testEditFoodScreen" time="6.159" classname="FoodScripts.TestFoodEdit"/>
</testsuite> <!-- Create Food with CUSTOM ML as PMU -->
