<?xml version="1.0" encoding="UTF-8"?>
<!-- Generated by org.testng.reporters.JUnitXMLReporter -->
<testsuite hostname="svenkat" name="Create Food with CUP as PMU" tests="4" failures="0" timestamp="19 Nov 2012 13:36:00 GMT" time="67.319" errors="0">
  <testcase name="testCreateFood" time="18.419" classname="FoodScripts.TestFoodCreate"/>
  <testcase name="testSuperAdmin" time="5.371" classname="FoodScripts.TestFoodSuperAdmin"/>
  <testcase name="testDMUOfCup" time="1.483" classname="FoodScripts.TestFoodDeducedMeasureUnits"/>
  <testcase name="testEditFoodScreen" time="38.045" classname="FoodScripts.TestFoodEdit"/>
</testsuite> <!-- Create Food with CUP as PMU -->
