<?xml version="1.0" encoding="UTF-8"?>
<!-- Generated by org.testng.reporters.JUnitXMLReporter -->
<testsuite hostname="svenkat" name="Create Food with NORMAL DASH as PMU WITH NON-ZERO WT" tests="4" failures="0" timestamp="30 Nov 2012 07:41:35 GMT" time="25.582" errors="0">
  <testcase name="testCreateFood" time="8.456" classname="FoodScripts.TestFoodCreate"/>
  <testcase name="testSuperAdmin" time="5.305" classname="FoodScripts.TestFoodSuperAdmin"/>
  <testcase name="testDMUOfDash" time="0.738" classname="FoodScripts.TestFoodDeducedMeasureUnits"/>
  <testcase name="testEditFoodScreen" time="6.644" classname="FoodScripts.TestFoodEdit"/>
</testsuite> <!-- Create Food with NORMAL DASH as PMU WITH NON-ZERO WT -->
