<?xml version="1.0" encoding="UTF-8"?>
<!-- Generated by org.testng.reporters.JUnitXMLReporter -->
<testsuite hostname="svenkat" name="Create Food with NORMAL TSP as PMU WITH NON-ZERO WT" tests="4" failures="0" timestamp="30 Nov 2012 07:40:43 GMT" time="26.413" errors="0">
  <testcase name="testCreateFood" time="8.893" classname="FoodScripts.TestFoodCreate"/>
  <testcase name="testSuperAdmin" time="5.287" classname="FoodScripts.TestFoodSuperAdmin"/>
  <testcase name="testDMUOfTsp" time="1.105" classname="FoodScripts.TestFoodDeducedMeasureUnits"/>
  <testcase name="testEditFoodScreen" time="6.633" classname="FoodScripts.TestFoodEdit"/>
</testsuite> <!-- Create Food with NORMAL TSP as PMU WITH NON-ZERO WT -->
