<?xml version="1.0" encoding="UTF-8"?>
<!-- Generated by org.testng.reporters.JUnitXMLReporter -->
<testsuite hostname="svenkat" name="Create Food with NORMAL PINCH as PMU WITH NON-ZERO WT" tests="4" failures="0" timestamp="30 Nov 2012 07:41:10 GMT" time="26.165" errors="0">
  <testcase name="testCreateFood" time="9.202" classname="FoodScripts.TestFoodCreate"/>
  <testcase name="testSuperAdmin" time="5.282" classname="FoodScripts.TestFoodSuperAdmin"/>
  <testcase name="testDMUOfPinch" time="0.722" classname="FoodScripts.TestFoodDeducedMeasureUnits"/>
  <testcase name="testEditFoodScreen" time="6.567" classname="FoodScripts.TestFoodEdit"/>
</testsuite> <!-- Create Food with NORMAL PINCH as PMU WITH NON-ZERO WT -->
