<?xml version="1.0" encoding="UTF-8"?>
<!-- Generated by org.testng.reporters.JUnitXMLReporter -->
<testsuite hostname="svenkat" name="Food-&gt;Create-&gt;Approve-&gt;Edit--&gt;two" tests="3" failures="0" timestamp="17 Nov 2012 20:08:03 GMT" time="31.718" errors="0">
  <testcase name="testCreateFood" time="17.573" classname="FoodScripts.TestFoodCreate"/>
  <testcase name="testDeducedMeasurementOfPrimaryMeasurementUnitInApprovalScreen" time="8.553" classname="FoodScripts.TestFoodSuperAdmin"/>
  <testcase name="testEditFoodScreen" time="5.588" classname="FoodScripts.TestFoodEdit"/>
</testsuite> <!-- Food->Create->Approve->Edit->two -->
