<?xml version="1.0" encoding="UTF-8"?>
<!-- Generated by org.testng.reporters.JUnitXMLReporter -->
<testsuite hostname="svenkat" name="Food-&gt;Create-&gt;Approve-&gt;Edit" tests="8" failures="0" timestamp="8 Nov 2012 18:39:16 GMT" time="74.254" errors="0">
  <testcase name="testAllFieldsWithProperValues" time="17.702" classname="FoodScripts.TestFoodCreate"/>
  <testcase name="testDeducedMeasurementOfPrimaryMeasurementUnitInApprovalScreen" time="8.74" classname="FoodScripts.TestFoodSuperAdmin"/>
  <testcase name="a1" time="0.0" classname="FoodScripts.TestFoodSuperAdmin"/>
  <testcase name="a3" time="0.0" classname="FoodScripts.TestFoodSuperAdmin"/>
  <testcase name="a5" time="0.0" classname="FoodScripts.TestFoodSuperAdmin"/>
  <testcase name="a2" time="0.0" classname="FoodScripts.TestFoodSuperAdmin"/>
  <testcase name="a4" time="0.0" classname="FoodScripts.TestFoodSuperAdmin"/>
  <testcase name="testEditFoodScreen" time="6.548" classname="FoodScripts.TestFoodEdit"/>
</testsuite> <!-- Food->Create->Approve->Edit -->
