<?xml version="1.0" encoding="UTF-8"?>
<!-- Generated by org.testng.reporters.JUnitXMLReporter -->
<testsuite hostname="svenkat" name="Food-&gt;Create-&gt;Approve-&gt;Edit-&gt;one" tests="4" failures="0" timestamp="17 Nov 2012 21:38:18 GMT" time="34.737" errors="0">
  <testcase name="testCreateFood" time="17.828" classname="FoodScripts.TestFoodCreate"/>
  <testcase name="testDeducedMeasurementOfPrimaryMeasurementUnitInApprovalScreen" time="4.391" classname="FoodScripts.TestFoodSuperAdmin"/>
  <testcase name="testDeducedMeasureUnitsOfCup" time="0.992" classname="FoodScripts.TestDeducedMeasureUnits"/>
  <testcase name="testEditFoodScreen" time="6.988" classname="FoodScripts.TestFoodEdit"/>
</testsuite> <!-- Food->Create->Approve->Edit->one -->
