<?xml version="1.0" encoding="UTF-8"?>
<!-- Generated by org.testng.reporters.JUnitXMLReporter -->
<testsuite hostname="svenkat" name="UMPTestTwo" tests="3" failures="0" timestamp="16 Nov 2012 19:30:38 GMT" time="36.443" errors="0">
  <testcase name="testCreateFood" time="18.404" classname="FoodScripts.TestFoodCreate"/>
  <testcase name="testDeducedMeasurementOfPrimaryMeasurementUnitInApprovalScreen" time="11.63" classname="FoodScripts.TestFoodCreate"/>
  <testcase name="testEditFoodScreen" time="6.405" classname="FoodScripts.TestFoodCreate"/>
</testsuite> <!-- UMPTestTwo -->
